e:\github\sdl2-gui-gameengine\x64\debug\vc143.pdb
e:\github\sdl2-gui-gameengine\x64\debug\vc143.idb
e:\github\sdl2-gui-gameengine\x64\debug\swidget.obj
e:\github\sdl2-gui-gameengine\x64\debug\sswitchbutton.obj
e:\github\sdl2-gui-gameengine\x64\debug\sslider.obj
e:\github\sdl2-gui-gameengine\x64\debug\spainter.obj
e:\github\sdl2-gui-gameengine\x64\debug\slineedit.obj
e:\github\sdl2-gui-gameengine\x64\debug\sindicator.obj
e:\github\sdl2-gui-gameengine\x64\debug\sguimanager.obj
e:\github\sdl2-gui-gameengine\x64\debug\sbutton.obj
e:\github\sdl2-gui-gameengine\x64\debug\sabstractslider.obj
e:\github\sdl2-gui-gameengine\x64\debug\sabstractbutton.obj
e:\github\sdl2-gui-gameengine\x64\debug\svector2d.obj
e:\github\sdl2-gui-gameengine\x64\debug\stexturemanager.obj
e:\github\sdl2-gui-gameengine\x64\debug\sgameapp.obj
e:\github\sdl2-gui-gameengine\x64\debug\sttf_fontmanager.obj
e:\github\sdl2-gui-gameengine\x64\debug\sstring.obj
e:\github\sdl2-gui-gameengine\x64\debug\sfont.obj
e:\github\sdl2-gui-gameengine\x64\debug\scolor.obj
e:\github\sdl2-gui-gameengine\x64\debug\main.obj
e:\github\sdl2-gui-gameengine\x64\debug\swindow.obj
e:\github\sdl2-gui-gameengine\bin\sdl-gui.exe
e:\github\sdl2-gui-gameengine\x64\debug\sdl-gui.ilk
e:\github\sdl2-gui-gameengine\bin\sdl-gui.pdb
e:\github\sdl2-gui-gameengine\x64\debug\sdl-gui.tlog\cl.command.1.tlog
e:\github\sdl2-gui-gameengine\x64\debug\sdl-gui.tlog\cl.read.1.tlog
e:\github\sdl2-gui-gameengine\x64\debug\sdl-gui.tlog\cl.write.1.tlog
e:\github\sdl2-gui-gameengine\x64\debug\sdl-gui.tlog\link.command.1.tlog
e:\github\sdl2-gui-gameengine\x64\debug\sdl-gui.tlog\link.read.1.tlog
e:\github\sdl2-gui-gameengine\x64\debug\sdl-gui.tlog\link.write.1.tlog
